DEBUG:root:this is a debug msg!
INFO:root:this is a info msg!
WARNING:root:this is a warn msg!
ERROR:root:this is a error msg!
CRITICAL:root:this is a critical msg!
DEBUG:root:this is a debug msg!
INFO:root:this is a info msg!
WARNING:root:this is a warn msg!
ERROR:root:this is a error msg!
CRITICAL:root:this is a critical msg!
DEBUG:root:this is a debug msg!
INFO:root:this is a info msg!
WARNING:root:this is a warn msg!
ERROR:root:this is a error msg!
CRITICAL:root:this is a critical msg!
DEBUG:root:this is a debug msg!
INFO:root:this is a info msg!
WARNING:root:this is a warn msg!
ERROR:root:this is a error msg!
CRITICAL:root:this is a critical msg!
DEBUG:root:this is a debug msg!
INFO:root:this is a info msg!
WARNING:root:this is a warn msg!
ERROR:root:this is a error msg!
CRITICAL:root:this is a critical msg!
DEBUG:root:this is a debug msg!
INFO:root:this is a info msg!
WARNING:root:this is a warn msg!
ERROR:root:this is a error msg!
CRITICAL:root:this is a critical msg!
DEBUG:root:this is a debug msg!
INFO:root:this is a info msg!
WARNING:root:this is a warn msg!
ERROR:root:this is a error msg!
CRITICAL:root:this is a critical msg!
DEBUG:root:this is a debug msg!
INFO:root:this is a info msg!
WARNING:root:this is a warn msg!
ERROR:root:this is a error msg!
CRITICAL:root:this is a critical msg!
DEBUG:root:this is a debug msg!
INFO:root:this is a info msg!
WARNING:root:this is a warn msg!
ERROR:root:this is a error msg!
CRITICAL:root:this is a critical msg!
DEBUG:root:this is a debug msg!
INFO:root:this is a info msg!
WARNING:root:this is a warn msg!
ERROR:root:this is a error msg!
CRITICAL:root:this is a critical msg!
DEBUG:root:this is a debug msg!
INFO:root:this is a info msg!
WARNING:root:this is a warn msg!
ERROR:root:this is a error msg!
CRITICAL:root:this is a critical msg!
DEBUG:root:this is a debug msg!
INFO:root:this is a info msg!
WARNING:root:this is a warn msg!
ERROR:root:this is a error msg!
CRITICAL:root:this is a critical msg!
DEBUG:root:this is a debug msg!
INFO:root:this is a info msg!
WARNING:root:this is a warn msg!
ERROR:root:this is a error msg!
CRITICAL:root:this is a critical msg!
DEBUG:root:this is a debug msg!
INFO:root:this is a info msg!
WARNING:root:this is a warn msg!
ERROR:root:this is a error msg!
CRITICAL:root:this is a critical msg!
DEBUG:root:this is a debug msg!
INFO:root:this is a info msg!
WARNING:root:this is a warn msg!
ERROR:root:this is a error msg!
CRITICAL:root:this is a critical msg!
DEBUG:root:this is a debug msg!
INFO:root:this is a info msg!
WARNING:root:this is a warn msg!
ERROR:root:this is a error msg!
CRITICAL:root:this is a critical msg!
DEBUG:root:this is a debug msg!
INFO:root:this is a info msg!
WARNING:root:this is a warn msg!
ERROR:root:this is a error msg!
CRITICAL:root:this is a critical msg!
DEBUG:root:this is a debug msg!
INFO:root:this is a info msg!
WARNING:root:this is a warn msg!
ERROR:root:this is a error msg!
CRITICAL:root:this is a critical msg!
DEBUG:root:this is a debug msg!
INFO:root:this is a info msg!
WARNING:root:this is a warn msg!
ERROR:root:this is a error msg!
CRITICAL:root:this is a critical msg!
DEBUG:root:this is a debug msg!
INFO:root:this is a info msg!
WARNING:root:this is a warn msg!
ERROR:root:this is a error msg!
CRITICAL:root:this is a critical msg!
DEBUG:root:this is a debug msg!
INFO:root:this is a info msg!
WARNING:root:this is a warn msg!
ERROR:root:this is a error msg!
CRITICAL:root:this is a critical msg!
DEBUG:root:this is a debug msg!
INFO:root:this is a info msg!
WARNING:root:this is a warn msg!
ERROR:root:this is a error msg!
CRITICAL:root:this is a critical msg!
DEBUG:root:this is a debug msg!
INFO:root:this is a info msg!
WARNING:root:this is a warn msg!
ERROR:root:this is a error msg!
CRITICAL:root:this is a critical msg!
DEBUG:root:this is a debug msg!
INFO:root:this is a info msg!
WARNING:root:this is a warn msg!
ERROR:root:this is a error msg!
CRITICAL:root:this is a critical msg!
DEBUG:root:this is a debug msg!
INFO:root:this is a info msg!
WARNING:root:this is a warn msg!
ERROR:root:this is a error msg!
CRITICAL:root:this is a critical msg!
DEBUG:root:this is a debug msg!
INFO:root:this is a info msg!
WARNING:root:this is a warn msg!
ERROR:root:this is a error msg!
CRITICAL:root:this is a critical msg!
DEBUG:root:this is a debug msg!
INFO:root:this is a info msg!
WARNING:root:this is a warn msg!
ERROR:root:this is a error msg!
CRITICAL:root:this is a critical msg!
DEBUG:root:this is a debug msg!
INFO:root:this is a info msg!
WARNING:root:this is a warn msg!
ERROR:root:this is a error msg!
CRITICAL:root:this is a critical msg!
DEBUG:root:this is a debug msg!
INFO:root:this is a info msg!
WARNING:root:this is a warn msg!
ERROR:root:this is a error msg!
CRITICAL:root:this is a critical msg!
DEBUG:root:this is a debug msg!
INFO:root:this is a info msg!
WARNING:root:this is a warn msg!
ERROR:root:this is a error msg!
CRITICAL:root:this is a critical msg!
DEBUG:root:this is a debug msg!
INFO:root:this is a info msg!
WARNING:root:this is a warn msg!
ERROR:root:this is a error msg!
CRITICAL:root:this is a critical msg!
DEBUG:root:this is a debug msg!
INFO:root:this is a info msg!
WARNING:root:this is a warn msg!
ERROR:root:this is a error msg!
CRITICAL:root:this is a critical msg!
DEBUG:root:this is a debug msg!
INFO:root:this is a info msg!
WARNING:root:this is a warn msg!
ERROR:root:this is a error msg!
CRITICAL:root:this is a critical msg!
DEBUG:root:this is a debug msg!
INFO:root:this is a info msg!
WARNING:root:this is a warn msg!
ERROR:root:this is a error msg!
CRITICAL:root:this is a critical msg!
DEBUG:root:this is a debug msg!
INFO:root:this is a info msg!
WARNING:root:this is a warn msg!
ERROR:root:this is a error msg!
CRITICAL:root:this is a critical msg!
DEBUG:root:this is a debug msg!
INFO:root:this is a info msg!
WARNING:root:this is a warn msg!
ERROR:root:this is a error msg!
CRITICAL:root:this is a critical msg!
DEBUG:root:this is a debug msg!
INFO:root:this is a info msg!
WARNING:root:this is a warn msg!
ERROR:root:this is a error msg!
CRITICAL:root:this is a critical msg!
DEBUG:root:this is a debug msg!
INFO:root:this is a info msg!
WARNING:root:this is a warn msg!
ERROR:root:this is a error msg!
CRITICAL:root:this is a critical msg!
DEBUG:root:this is a debug msg!
INFO:root:this is a info msg!
WARNING:root:this is a warn msg!
ERROR:root:this is a error msg!
CRITICAL:root:this is a critical msg!
DEBUG:root:this is a debug msg!
INFO:root:this is a info msg!
WARNING:root:this is a warn msg!
ERROR:root:this is a error msg!
CRITICAL:root:this is a critical msg!
DEBUG:root:this is a debug msg!
INFO:root:this is a info msg!
WARNING:root:this is a warn msg!
ERROR:root:this is a error msg!
CRITICAL:root:this is a critical msg!
